This is pdfTeX, Version 3.141592653-2.6-1.40.24 (MiKTeX 22.8.28) (preloaded format=pdflatex 2022.9.20)  27 SEP 2022 14:22
entering extended mode
 restricted \write18 enabled.
 %&-line parsing enabled.
**./tetelkornyezetek.tex
(tetelkornyezetek.tex
LaTeX2e <2022-06-01> patch level 5
L3 programming layer <2022-08-30>
(C:\Users\Diak\AppData\Local\Programs\MiKTeX\tex/latex/base\article.cls
Document Class: article 2021/10/04 v1.4n Standard LaTeX document class
(C:\Users\Diak\AppData\Local\Programs\MiKTeX\tex/latex/base\size10.clo
File: size10.clo 2021/10/04 v1.4n Standard LaTeX file (size option)
)
\c@part=\count185
\c@section=\count186
\c@subsection=\count187
\c@subsubsection=\count188
\c@paragraph=\count189
\c@subparagraph=\count190
\c@figure=\count191
\c@table=\count192
\abovecaptionskip=\skip47
\belowcaptionskip=\skip48
\bibindent=\dimen138
)
(C:\Users\Diak\AppData\Local\Programs\MiKTeX\tex/generic/babel\babel.sty
Package: babel 2022/08/29 3.79 The Babel package
\babel@savecnt=\count193
\U@D=\dimen139
\l@unhyphenated=\language79

(C:\Users\Diak\AppData\Local\Programs\MiKTeX\tex/generic/babel\txtbabel.def)
\bbl@readstream=\read2
\bbl@dirlevel=\count194

*************************************
* Local config file bblopts.cfg used
*
(C:\Users\Diak\AppData\Local\Programs\MiKTeX\tex/latex/arabi\bblopts.cfg
File: bblopts.cfg 2005/09/08 v0.1 add Arabic and Farsi to "declared" options of
 babel
)
(C:\Users\Diak\AppData\Local\Programs\MiKTeX\tex/latex/babel-hungarian\magyar.l
df
Language: magyar 2019/01/14 v1.5c Magyar (Hungarian) support for babel
Package babel Info: Making ` an active character on input line 2819.
\c@footnote@add=\count195
\c@footnote@ch=\count196
))
(C:\Users\Diak\AppData\Local\Programs\MiKTeX\tex/generic/babel/locale/hu\babel-
magyar.tex
Package babel Info: Importing font and identification data for magyar
(babel)             from babel-hu.ini. Reported on input line 11.
)
(C:\Users\Diak\AppData\Local\Programs\MiKTeX\tex/latex/base\t1enc.sty
Package: t1enc 1994/06/01 Standard LaTeX package
)
(C:\Users\Diak\AppData\Local\Programs\MiKTeX\tex/latex/lipsum\lipsum.sty
(C:\Users\Diak\AppData\Local\Programs\MiKTeX\tex/latex/l3packages/l3keys2e\l3ke
ys2e.sty
(C:\Users\Diak\AppData\Local\Programs\MiKTeX\tex/latex/l3kernel\expl3.sty
Package: expl3 2022-08-30 L3 programming layer (loader) 

(C:\Users\Diak\AppData\Local\Programs\MiKTeX\tex/latex/l3backend\l3backend-pdft
ex.def
File: l3backend-pdftex.def 2022-08-30 L3 backend support: PDF output (pdfTeX)
\l__color_backend_stack_int=\count197
\l__pdf_internal_box=\box51
))
Package: l3keys2e 2022-06-22 LaTeX2e option processing using LaTeX3 keys
)
Package: lipsum 2021-09-20 v2.7 150 paragraphs of Lorem Ipsum dummy text
\g__lipsum_par_int=\count198
\l__lipsum_a_int=\count199
\l__lipsum_b_int=\count266

(C:\Users\Diak\AppData\Local\Programs\MiKTeX\tex/latex/lipsum\lipsum.ltd.tex))
(C:\Users\Diak\AppData\Local\Programs\MiKTeX\tex/latex/float\float.sty
Package: float 2001/11/08 v1.3d Float enhancements (AL)
\c@float@type=\count267
\float@exts=\toks16
\float@box=\box52
\@float@everytoks=\toks17
\@floatcapt=\box53
)
(C:\Users\Diak\AppData\Local\Programs\MiKTeX\tex/latex/listings\listings.sty
(C:\Users\Diak\AppData\Local\Programs\MiKTeX\tex/latex/graphics\keyval.sty
Package: keyval 2022/05/29 v1.15 key=value parser (DPC)
\KV@toks@=\toks18
)
\lst@mode=\count268
\lst@gtempboxa=\box54
\lst@token=\toks19
\lst@length=\count269
\lst@currlwidth=\dimen140
\lst@column=\count270
\lst@pos=\count271
\lst@lostspace=\dimen141
\lst@width=\dimen142
\lst@newlines=\count272
\lst@lineno=\count273
\lst@maxwidth=\dimen143

(C:\Users\Diak\AppData\Local\Programs\MiKTeX\tex/latex/listings\lstmisc.sty
File: lstmisc.sty 2020/03/24 1.8d (Carsten Heinz)
\c@lstnumber=\count274
\lst@skipnumbers=\count275
\lst@framebox=\box55
)
(C:\Users\Diak\AppData\Local\Programs\MiKTeX\tex/latex/listings\listings.cfg
File: listings.cfg 2020/03/24 1.8d listings configuration
))
Package: listings 2020/03/24 1.8d (Carsten Heinz)

(C:\Users\Diak\AppData\Local\Programs\MiKTeX\tex/latex/algorithms\algorithm.sty
Package: algorithm 2009/08/24 v0.1 Document Style `algorithm' - floating enviro
nment
(C:\Users\Diak\AppData\Local\Programs\MiKTeX\tex/latex/base\ifthen.sty
Package: ifthen 2022/04/13 v1.1d Standard LaTeX ifthen package (DPC)
)
\@float@every@algorithm=\toks20
\c@algorithm=\count276
)
(C:\Users\Diak\AppData\Local\Programs\MiKTeX\tex/latex/amscls\amsthm.sty
Package: amsthm 2020/05/29 v2.20.6
\thm@style=\toks21
\thm@bodyfont=\toks22
\thm@headfont=\toks23
\thm@notefont=\toks24
\thm@headpunct=\toks25
\thm@preskip=\skip49
\thm@postskip=\skip50
\thm@headsep=\skip51
\dth@everypar=\toks26
)
(C:\Users\Diak\AppData\Local\Programs\MiKTeX\tex/latex/algorithmicx\algpseudoco
de.sty
Package: algpseudocode 

(C:\Users\Diak\AppData\Local\Programs\MiKTeX\tex/latex/algorithmicx\algorithmic
x.sty
Package: algorithmicx 2005/04/27 v1.2 Algorithmicx

Document Style algorithmicx 1.2 - a greatly improved `algorithmic' style
\c@ALG@line=\count277
\c@ALG@rem=\count278
\c@ALG@nested=\count279
\ALG@tlm=\skip52
\ALG@thistlm=\skip53
\c@ALG@Lnr=\count280
\c@ALG@blocknr=\count281
\c@ALG@storecount=\count282
\c@ALG@tmpcounter=\count283
\ALG@tmplength=\skip54
)
Document Style - pseudocode environments for use with the `algorithmicx' style
)
\c@tet=\count284
\c@fel=\count285
\@float@every@forraskod=\toks27
\c@forraskod=\count286
 (tetelkornyezetek.aux)
\openout1 = `tetelkornyezetek.aux'.

LaTeX Font Info:    Checking defaults for OML/cmm/m/it on input line 26.
LaTeX Font Info:    ... okay on input line 26.
LaTeX Font Info:    Checking defaults for OMS/cmsy/m/n on input line 26.
LaTeX Font Info:    ... okay on input line 26.
LaTeX Font Info:    Checking defaults for OT1/cmr/m/n on input line 26.
LaTeX Font Info:    ... okay on input line 26.
LaTeX Font Info:    Checking defaults for T1/cmr/m/n on input line 26.
LaTeX Font Info:    ... okay on input line 26.
LaTeX Font Info:    Checking defaults for TS1/cmr/m/n on input line 26.
LaTeX Font Info:    ... okay on input line 26.
LaTeX Font Info:    Checking defaults for OMX/cmex/m/n on input line 26.
LaTeX Font Info:    ... okay on input line 26.
LaTeX Font Info:    Checking defaults for U/cmr/m/n on input line 26.
LaTeX Font Info:    ... okay on input line 26.
\c@lstlisting=\count287

(C:\Users\Diak\AppData\Local\Programs\MiKTeX\tex/latex/base\article.cls
LaTeX Info: Redefining \cal on input line 497.
LaTeX Info: Redefining \mit on input line 498.
)
(tetelkornyezetek.lop
LaTeX Font Info:    External font `cmex10' loaded for size
(Font)              <7> on input line 1.
LaTeX Font Info:    External font `cmex10' loaded for size
(Font)              <5> on input line 1.
)
\tf@lop=\write3
\openout3 = `tetelkornyezetek.lop'.

 (tetelkornyezetek.lol)
\tf@lol=\write4
\openout4 = `tetelkornyezetek.lol'.

 (tetelkornyezetek.loa)
\tf@loa=\write5
\openout5 = `tetelkornyezetek.loa'.

LaTeX Font Info:    Trying to load font information for T1+cmtt on input line 8
2.

(C:\Users\Diak\AppData\Local\Programs\MiKTeX\tex/latex/base\t1cmtt.fd
File: t1cmtt.fd 2019/12/16 v2.5j Standard LaTeX font definitions
) [1


{C:/Users/Diak/AppData/Local/MiKTeX/fonts/map/pdftex/pdftex.map}]
Underfull \hbox (badness 10000) in paragraph at lines 117--127

 []


Underfull \hbox (badness 10000) in paragraph at lines 117--127

 []


Underfull \hbox (badness 10000) in paragraph at lines 117--127

 []


Underfull \hbox (badness 10000) in paragraph at lines 117--127

 []


Underfull \hbox (badness 10000) in paragraph at lines 117--127

 []


Underfull \hbox (badness 10000) in paragraph at lines 117--127

 []


Underfull \hbox (badness 10000) in paragraph at lines 117--127

 []


Underfull \hbox (badness 10000) in paragraph at lines 117--127

 []


Underfull \hbox (badness 10000) in paragraph at lines 117--127

 []


Underfull \hbox (badness 10000) in paragraph at lines 117--127

 []

[2]
(C:\Users\Diak\AppData\Local\Programs\MiKTeX\tex/latex/listings\lstlang1.sty
File: lstlang1.sty 2020/03/24 1.8d listings language file
)
[3] [4] (tetelkornyezetek.aux) ) 
Here is how much of TeX's memory you used:
 5548 strings out of 475389
 95350 string characters out of 2777472
 741775 words of memory out of 3000000
 26905 multiletter control sequences out of 15000+600000
 475112 words of font info for 37 fonts, out of 8000000 for 9000
 1141 hyphenation exceptions out of 8191
 72i,5n,77p,320b,1353s stack positions out of 10000i,1000n,20000p,200000b,80000s
 <C:\Users\Diak\AppData\Local\MiKTeX\fonts/pk/l
jfour/jknappen/ec/dpi600\eccc1000.pk> <C:\Users\Diak\AppData\Local\MiKTeX\fonts
/pk/ljfour/jknappen/ec/dpi600\ecrm0800.pk> <C:\Users\Diak\AppData\Local\MiKTeX\
fonts/pk/ljfour/jknappen/ec/dpi600\tcrm1000.pk> <C:\Users\Diak\AppData\Local\Mi
KTeX\fonts/pk/ljfour/jknappen/ec/dpi600\ectt1000.pk> <C:\Users\Diak\AppData\Loc
al\MiKTeX\fonts/pk/ljfour/jknappen/ec/dpi600\ecti1000.pk> <C:\Users\Diak\AppDat
a\Local\MiKTeX\fonts/pk/ljfour/jknappen/ec/dpi600\ecbx1000.pk> <C:\Users\Diak\A
ppData\Local\MiKTeX\fonts/pk/ljfour/jknappen/ec/dpi600\ecrm1000.pk> <C:\Users\D
iak\AppData\Local\MiKTeX\fonts/pk/ljfour/jknappen/ec/dpi600\ecbx1440.pk>
Output written on tetelkornyezetek.pdf (4 pages, 86806 bytes).
PDF statistics:
 281 PDF objects out of 1000 (max. 8388607)
 0 named destinations out of 1000 (max. 500000)
 1 words of extra memory for PDF output out of 10000 (max. 10000000)

